<?xml version="1.0" encoding="UTF-8"?>
<testng-results ignored="291" total="292" passed="1" failed="0" skipped="0">
  <reporter-output>
  </reporter-output>
  <suite started-at="2023-04-17T11:42:43 EDT" name="Default suite" finished-at="2023-04-17T11:43:18 EDT" duration-ms="35285">
    <groups>
    </groups>
    <test started-at="2023-04-17T11:42:43 EDT" name="Default test" finished-at="2023-04-17T11:43:18 EDT" duration-ms="35285">
      <class name="com.pwc.productcentral.RegressionTestCases">
        <test-method is-config="true" signature="setUp()[pri:0, instance:com.pwc.productcentral.RegressionTestCases@2228db21]" started-at="2023-04-17T11:42:43 EDT" name="setUp" finished-at="2023-04-17T11:42:43 EDT" duration-ms="100" status="PASS">
          <reporter-output>
          </reporter-output>
        </test-method> <!-- setUp -->
        <test-method is-config="true" signature="initTest()[pri:0, instance:com.pwc.productcentral.RegressionTestCases@2228db21]" started-at="2023-04-17T11:42:43 EDT" name="initTest" finished-at="2023-04-17T11:42:44 EDT" duration-ms="513" status="PASS">
          <reporter-output>
          </reporter-output>
        </test-method> <!-- initTest -->
        <test-method signature="WEB_292()[pri:0, instance:com.pwc.productcentral.RegressionTestCases@2228db21]" started-at="2023-04-17T11:42:44 EDT" name="WEB_292" finished-at="2023-04-17T11:43:18 EDT" duration-ms="34677" status="PASS">
          <reporter-output>
          </reporter-output>
        </test-method> <!-- WEB_292 -->
        <test-method is-config="true" signature="closeTabs()[pri:0, instance:com.pwc.productcentral.RegressionTestCases@2228db21]" started-at="2023-04-17T11:43:18 EDT" name="closeTabs" finished-at="2023-04-17T11:43:18 EDT" duration-ms="79" status="PASS">
          <reporter-output>
          </reporter-output>
        </test-method> <!-- closeTabs -->
        <test-method is-config="true" signature="closingBrowser()[pri:0, instance:com.pwc.productcentral.RegressionTestCases@2228db21]" started-at="2023-04-17T11:43:19 EDT" name="closingBrowser" finished-at="2023-04-17T11:43:19 EDT" duration-ms="194" status="PASS">
          <reporter-output>
          </reporter-output>
        </test-method> <!-- closingBrowser -->
      </class> <!-- com.pwc.productcentral.RegressionTestCases -->
    </test> <!-- Default test -->
  </suite> <!-- Default suite -->
</testng-results>
