<?xml version="1.0" encoding="UTF-8"?>
<!-- Generated by org.testng.reporters.JUnitXMLReporter -->
<testsuite ignored="291" hostname="DESKTOP-UFMB1VQ" failures="0" tests="1" name="Default test" time="35.285" errors="0" timestamp="2023-04-17T11:43:18 EDT">
  <testcase classname="com.pwc.productcentral.RegressionTestCases" name="WEB_292" time="34.677"/>
  <testcase classname="com.pwc.productcentral.RegressionTestCases" name="WEB_31" time="0.0">
    <ignored/>
  </testcase> <!-- WEB_31 -->
  <testcase classname="com.pwc.productcentral.RegressionTestCases" name="WEB_32" time="0.0">
    <ignored/>
  </testcase> <!-- WEB_32 -->
  <testcase classname="com.pwc.productcentral.RegressionTestCases" name="WEB_208" time="0.0">
    <ignored/>
  </testcase> <!-- WEB_208 -->
  <testcase classname="com.pwc.productcentral.RegressionTestCases" name="WEB_30" time="0.0">
    <ignored/>
  </testcase> <!-- WEB_30 -->
  <testcase classname="com.pwc.productcentral.RegressionTestCases" name="WEB_35" time="0.0">
    <ignored/>
  </testcase> <!-- WEB_35 -->
  <testcase classname="com.pwc.productcentral.RegressionTestCases" name="WEB_36" time="0.0">
    <ignored/>
  </testcase> <!-- WEB_36 -->
  <testcase classname="com.pwc.productcentral.RegressionTestCases" name="WEB_33" time="0.0">
    <ignored/>
  </testcase> <!-- WEB_33 -->
  <testcase classname="com.pwc.productcentral.RegressionTestCases" name="WEB_34" time="0.0">
    <ignored/>
  </testcase> <!-- WEB_34 -->
  <testcase classname="com.pwc.productcentral.RegressionTestCases" name="WEB_201" time="0.0">
    <ignored/>
  </testcase> <!-- WEB_201 -->
  <testcase classname="com.pwc.productcentral.RegressionTestCases" name="WEB_37" time="0.0">
    <ignored/>
  </testcase> <!-- WEB_37 -->
  <testcase classname="com.pwc.productcentral.RegressionTestCases" name="WEB_203" time="0.0">
    <ignored/>
  </testcase> <!-- WEB_203 -->
  <testcase classname="com.pwc.productcentral.RegressionTestCases" name="WEB_202" time="0.0">
    <ignored/>
  </testcase> <!-- WEB_202 -->
  <testcase classname="com.pwc.productcentral.RegressionTestCases" name="WEB_205" time="0.0">
    <ignored/>
  </testcase> <!-- WEB_205 -->
  <testcase classname="com.pwc.productcentral.RegressionTestCases" name="WEB_204" time="0.0">
    <ignored/>
  </testcase> <!-- WEB_204 -->
  <testcase classname="com.pwc.productcentral.RegressionTestCases" name="WEB_207" time="0.0">
    <ignored/>
  </testcase> <!-- WEB_207 -->
  <testcase classname="com.pwc.productcentral.RegressionTestCases" name="WEB_206" time="0.0">
    <ignored/>
  </testcase> <!-- WEB_206 -->
  <testcase classname="com.pwc.productcentral.RegressionTestCases" name="WEB_209" time="0.0">
    <ignored/>
  </testcase> <!-- WEB_209 -->
  <testcase classname="com.pwc.productcentral.RegressionTestCases" name="WEB_62" time="0.0">
    <ignored/>
  </testcase> <!-- WEB_62 -->
  <testcase classname="com.pwc.productcentral.RegressionTestCases" name="WEB_39" time="0.0">
    <ignored/>
  </testcase> <!-- WEB_39 -->
  <testcase classname="com.pwc.productcentral.RegressionTestCases" name="WEB_38" time="0.0">
    <ignored/>
  </testcase> <!-- WEB_38 -->
  <testcase classname="com.pwc.productcentral.RegressionTestCases" name="WEB_64" time="0.0">
    <ignored/>
  </testcase> <!-- WEB_64 -->
  <testcase classname="com.pwc.productcentral.RegressionTestCases" name="WEB_65" time="0.0">
    <ignored/>
  </testcase> <!-- WEB_65 -->
  <testcase classname="com.pwc.productcentral.RegressionTestCases" name="WEB_63" time="0.0">
    <ignored/>
  </testcase> <!-- WEB_63 -->
  <testcase classname="com.pwc.productcentral.RegressionTestCases" name="WEB_68" time="0.0">
    <ignored/>
  </testcase> <!-- WEB_68 -->
  <testcase classname="com.pwc.productcentral.RegressionTestCases" name="WEB_69" time="0.0">
    <ignored/>
  </testcase> <!-- WEB_69 -->
  <testcase classname="com.pwc.productcentral.RegressionTestCases" name="WEB_66" time="0.0">
    <ignored/>
  </testcase> <!-- WEB_66 -->
  <testcase classname="com.pwc.productcentral.RegressionTestCases" name="WEB_67" time="0.0">
    <ignored/>
  </testcase> <!-- WEB_67 -->
  <testcase classname="com.pwc.productcentral.RegressionTestCases" name="WEB_60" time="0.0">
    <ignored/>
  </testcase> <!-- WEB_60 -->
  <testcase classname="com.pwc.productcentral.RegressionTestCases" name="WEB_61" time="0.0">
    <ignored/>
  </testcase> <!-- WEB_61 -->
  <testcase classname="com.pwc.productcentral.RegressionTestCases" name="WEB_51" time="0.0">
    <ignored/>
  </testcase> <!-- WEB_51 -->
  <testcase classname="com.pwc.productcentral.RegressionTestCases" name="WEB_200" time="0.0">
    <ignored/>
  </testcase> <!-- WEB_200 -->
  <testcase classname="com.pwc.productcentral.RegressionTestCases" name="WEB_53" time="0.0">
    <ignored/>
  </testcase> <!-- WEB_53 -->
  <testcase classname="com.pwc.productcentral.RegressionTestCases" name="WEB_109" time="0.0">
    <ignored/>
  </testcase> <!-- WEB_109 -->
  <testcase classname="com.pwc.productcentral.RegressionTestCases" name="WEB_54" time="0.0">
    <ignored/>
  </testcase> <!-- WEB_54 -->
  <testcase classname="com.pwc.productcentral.RegressionTestCases" name="WEB_52" time="0.0">
    <ignored/>
  </testcase> <!-- WEB_52 -->
  <testcase classname="com.pwc.productcentral.RegressionTestCases" name="WEB_57" time="0.0">
    <ignored/>
  </testcase> <!-- WEB_57 -->
  <testcase classname="com.pwc.productcentral.RegressionTestCases" name="WEB_58" time="0.0">
    <ignored/>
  </testcase> <!-- WEB_58 -->
  <testcase classname="com.pwc.productcentral.RegressionTestCases" name="WEB_221" time="0.0">
    <ignored/>
  </testcase> <!-- WEB_221 -->
  <testcase classname="com.pwc.productcentral.RegressionTestCases" name="WEB_100" time="0.0">
    <ignored/>
  </testcase> <!-- WEB_100 -->
  <testcase classname="com.pwc.productcentral.RegressionTestCases" name="WEB_55" time="0.0">
    <ignored/>
  </testcase> <!-- WEB_55 -->
  <testcase classname="com.pwc.productcentral.RegressionTestCases" name="WEB_220" time="0.0">
    <ignored/>
  </testcase> <!-- WEB_220 -->
  <testcase classname="com.pwc.productcentral.RegressionTestCases" name="WEB_56" time="0.0">
    <ignored/>
  </testcase> <!-- WEB_56 -->
  <testcase classname="com.pwc.productcentral.RegressionTestCases" name="WEB_223" time="0.0">
    <ignored/>
  </testcase> <!-- WEB_223 -->
  <testcase classname="com.pwc.productcentral.RegressionTestCases" name="WEB_102" time="0.0">
    <ignored/>
  </testcase> <!-- WEB_102 -->
  <testcase classname="com.pwc.productcentral.RegressionTestCases" name="WEB_225" time="0.0">
    <ignored/>
  </testcase> <!-- WEB_225 -->
  <testcase classname="com.pwc.productcentral.RegressionTestCases" name="WEB_104" time="0.0">
    <ignored/>
  </testcase> <!-- WEB_104 -->
  <testcase classname="com.pwc.productcentral.RegressionTestCases" name="WEB_59" time="0.0">
    <ignored/>
  </testcase> <!-- WEB_59 -->
  <testcase classname="com.pwc.productcentral.RegressionTestCases" name="WEB_224" time="0.0">
    <ignored/>
  </testcase> <!-- WEB_224 -->
  <testcase classname="com.pwc.productcentral.RegressionTestCases" name="WEB_103" time="0.0">
    <ignored/>
  </testcase> <!-- WEB_103 -->
  <testcase classname="com.pwc.productcentral.RegressionTestCases" name="WEB_227" time="0.0">
    <ignored/>
  </testcase> <!-- WEB_227 -->
  <testcase classname="com.pwc.productcentral.RegressionTestCases" name="WEB_106" time="0.0">
    <ignored/>
  </testcase> <!-- WEB_106 -->
  <testcase classname="com.pwc.productcentral.RegressionTestCases" name="WEB_226" time="0.0">
    <ignored/>
  </testcase> <!-- WEB_226 -->
  <testcase classname="com.pwc.productcentral.RegressionTestCases" name="WEB_105" time="0.0">
    <ignored/>
  </testcase> <!-- WEB_105 -->
  <testcase classname="com.pwc.productcentral.RegressionTestCases" name="WEB_50" time="0.0">
    <ignored/>
  </testcase> <!-- WEB_50 -->
  <testcase classname="com.pwc.productcentral.RegressionTestCases" name="WEB_229" time="0.0">
    <ignored/>
  </testcase> <!-- WEB_229 -->
  <testcase classname="com.pwc.productcentral.RegressionTestCases" name="WEB_108" time="0.0">
    <ignored/>
  </testcase> <!-- WEB_108 -->
  <testcase classname="com.pwc.productcentral.RegressionTestCases" name="WEB_228" time="0.0">
    <ignored/>
  </testcase> <!-- WEB_228 -->
  <testcase classname="com.pwc.productcentral.RegressionTestCases" name="WEB_107" time="0.0">
    <ignored/>
  </testcase> <!-- WEB_107 -->
  <testcase classname="com.pwc.productcentral.RegressionTestCases" name="WEB_84" time="0.0">
    <ignored/>
  </testcase> <!-- WEB_84 -->
  <testcase classname="com.pwc.productcentral.RegressionTestCases" name="WEB_211" time="0.0">
    <ignored/>
  </testcase> <!-- WEB_211 -->
  <testcase classname="com.pwc.productcentral.RegressionTestCases" name="WEB_86" time="0.0">
    <ignored/>
  </testcase> <!-- WEB_86 -->
  <testcase classname="com.pwc.productcentral.RegressionTestCases" name="WEB_87" time="0.0">
    <ignored/>
  </testcase> <!-- WEB_87 -->
  <testcase classname="com.pwc.productcentral.RegressionTestCases" name="WEB_85" time="0.0">
    <ignored/>
  </testcase> <!-- WEB_85 -->
  <testcase classname="com.pwc.productcentral.RegressionTestCases" name="WEB_88" time="0.0">
    <ignored/>
  </testcase> <!-- WEB_88 -->
  <testcase classname="com.pwc.productcentral.RegressionTestCases" name="WEB_89" time="0.0">
    <ignored/>
  </testcase> <!-- WEB_89 -->
  <testcase classname="com.pwc.productcentral.RegressionTestCases" name="WEB_82" time="0.0">
    <ignored/>
  </testcase> <!-- WEB_82 -->
  <testcase classname="com.pwc.productcentral.RegressionTestCases" name="WEB_83" time="0.0">
    <ignored/>
  </testcase> <!-- WEB_83 -->
  <testcase classname="com.pwc.productcentral.RegressionTestCases" name="WEB_80" time="0.0">
    <ignored/>
  </testcase> <!-- WEB_80 -->
  <testcase classname="com.pwc.productcentral.RegressionTestCases" name="WEB_81" time="0.0">
    <ignored/>
  </testcase> <!-- WEB_81 -->
  <testcase classname="com.pwc.productcentral.RegressionTestCases" name="WEB_73" time="0.0">
    <ignored/>
  </testcase> <!-- WEB_73 -->
  <testcase classname="com.pwc.productcentral.RegressionTestCases" name="WEB_222" time="0.0">
    <ignored/>
  </testcase> <!-- WEB_222 -->
  <testcase classname="com.pwc.productcentral.RegressionTestCases" name="WEB_101" time="0.0">
    <ignored/>
  </testcase> <!-- WEB_101 -->
  <testcase classname="com.pwc.productcentral.RegressionTestCases" name="WEB_120" time="0.0">
    <ignored/>
  </testcase> <!-- WEB_120 -->
  <testcase classname="com.pwc.productcentral.RegressionTestCases" name="WEB_241" time="0.0">
    <ignored/>
  </testcase> <!-- WEB_241 -->
  <testcase classname="com.pwc.productcentral.RegressionTestCases" name="WEB_240" time="0.0">
    <ignored/>
  </testcase> <!-- WEB_240 -->
  <testcase classname="com.pwc.productcentral.RegressionTestCases" name="WEB_122" time="0.0">
    <ignored/>
  </testcase> <!-- WEB_122 -->
  <testcase classname="com.pwc.productcentral.RegressionTestCases" name="WEB_243" time="0.0">
    <ignored/>
  </testcase> <!-- WEB_243 -->
  <testcase classname="com.pwc.productcentral.RegressionTestCases" name="WEB_121" time="0.0">
    <ignored/>
  </testcase> <!-- WEB_121 -->
  <testcase classname="com.pwc.productcentral.RegressionTestCases" name="WEB_242" time="0.0">
    <ignored/>
  </testcase> <!-- WEB_242 -->
  <testcase classname="com.pwc.productcentral.RegressionTestCases" name="WEB_124" time="0.0">
    <ignored/>
  </testcase> <!-- WEB_124 -->
  <testcase classname="com.pwc.productcentral.RegressionTestCases" name="WEB_245" time="0.0">
    <ignored/>
  </testcase> <!-- WEB_245 -->
  <testcase classname="com.pwc.productcentral.RegressionTestCases" name="WEB_126" time="0.0">
    <ignored/>
  </testcase> <!-- WEB_126 -->
  <testcase classname="com.pwc.productcentral.RegressionTestCases" name="WEB_247" time="0.0">
    <ignored/>
  </testcase> <!-- WEB_247 -->
  <testcase classname="com.pwc.productcentral.RegressionTestCases" name="WEB_125" time="0.0">
    <ignored/>
  </testcase> <!-- WEB_125 -->
  <testcase classname="com.pwc.productcentral.RegressionTestCases" name="WEB_246" time="0.0">
    <ignored/>
  </testcase> <!-- WEB_246 -->
  <testcase classname="com.pwc.productcentral.RegressionTestCases" name="WEB_128" time="0.0">
    <ignored/>
  </testcase> <!-- WEB_128 -->
  <testcase classname="com.pwc.productcentral.RegressionTestCases" name="WEB_249" time="0.0">
    <ignored/>
  </testcase> <!-- WEB_249 -->
  <testcase classname="com.pwc.productcentral.RegressionTestCases" name="WEB_127" time="0.0">
    <ignored/>
  </testcase> <!-- WEB_127 -->
  <testcase classname="com.pwc.productcentral.RegressionTestCases" name="WEB_248" time="0.0">
    <ignored/>
  </testcase> <!-- WEB_248 -->
  <testcase classname="com.pwc.productcentral.RegressionTestCases" name="WEB_129" time="0.0">
    <ignored/>
  </testcase> <!-- WEB_129 -->
  <testcase classname="com.pwc.productcentral.RegressionTestCases" name="WEB_233" time="0.0">
    <ignored/>
  </testcase> <!-- WEB_233 -->
  <testcase classname="com.pwc.productcentral.RegressionTestCases" name="WEB_112" time="0.0">
    <ignored/>
  </testcase> <!-- WEB_112 -->
  <testcase classname="com.pwc.productcentral.RegressionTestCases" name="WEB_20" time="0.0">
    <ignored/>
  </testcase> <!-- WEB_20 -->
  <testcase classname="com.pwc.productcentral.RegressionTestCases" name="WEB_21" time="0.0">
    <ignored/>
  </testcase> <!-- WEB_21 -->
  <testcase classname="com.pwc.productcentral.RegressionTestCases" name="WEB_219" time="0.0">
    <ignored/>
  </testcase> <!-- WEB_219 -->
  <testcase classname="com.pwc.productcentral.RegressionTestCases" name="WEB_24" time="0.0">
    <ignored/>
  </testcase> <!-- WEB_24 -->
  <testcase classname="com.pwc.productcentral.RegressionTestCases" name="WEB_25" time="0.0">
    <ignored/>
  </testcase> <!-- WEB_25 -->
  <testcase classname="com.pwc.productcentral.RegressionTestCases" name="WEB_22" time="0.0">
    <ignored/>
  </testcase> <!-- WEB_22 -->
  <testcase classname="com.pwc.productcentral.RegressionTestCases" name="WEB_210" time="0.0">
    <ignored/>
  </testcase> <!-- WEB_210 -->
  <testcase classname="com.pwc.productcentral.RegressionTestCases" name="WEB_23" time="0.0">
    <ignored/>
  </testcase> <!-- WEB_23 -->
  <testcase classname="com.pwc.productcentral.RegressionTestCases" name="WEB_212" time="0.0">
    <ignored/>
  </testcase> <!-- WEB_212 -->
  <testcase classname="com.pwc.productcentral.RegressionTestCases" name="WEB_26" time="0.0">
    <ignored/>
  </testcase> <!-- WEB_26 -->
  <testcase classname="com.pwc.productcentral.RegressionTestCases" name="WEB_214" time="0.0">
    <ignored/>
  </testcase> <!-- WEB_214 -->
  <testcase classname="com.pwc.productcentral.RegressionTestCases" name="WEB_213" time="0.0">
    <ignored/>
  </testcase> <!-- WEB_213 -->
  <testcase classname="com.pwc.productcentral.RegressionTestCases" name="WEB_216" time="0.0">
    <ignored/>
  </testcase> <!-- WEB_216 -->
  <testcase classname="com.pwc.productcentral.RegressionTestCases" name="WEB_215" time="0.0">
    <ignored/>
  </testcase> <!-- WEB_215 -->
  <testcase classname="com.pwc.productcentral.RegressionTestCases" name="WEB_218" time="0.0">
    <ignored/>
  </testcase> <!-- WEB_218 -->
  <testcase classname="com.pwc.productcentral.RegressionTestCases" name="WEB_217" time="0.0">
    <ignored/>
  </testcase> <!-- WEB_217 -->
  <testcase classname="com.pwc.productcentral.RegressionTestCases" name="WEB_28" time="0.0">
    <ignored/>
  </testcase> <!-- WEB_28 -->
  <testcase classname="com.pwc.productcentral.RegressionTestCases" name="WEB_29" time="0.0">
    <ignored/>
  </testcase> <!-- WEB_29 -->
  <testcase classname="com.pwc.productcentral.RegressionTestCases" name="WEB_123" time="0.0">
    <ignored/>
  </testcase> <!-- WEB_123 -->
  <testcase classname="com.pwc.productcentral.RegressionTestCases" name="WEB_244" time="0.0">
    <ignored/>
  </testcase> <!-- WEB_244 -->
  <testcase classname="com.pwc.productcentral.RegressionTestCases" name="WEB_27" time="0.0">
    <ignored/>
  </testcase> <!-- WEB_27 -->
  <testcase classname="com.pwc.productcentral.RegressionTestCases" name="WEB_10" time="0.0">
    <ignored/>
  </testcase> <!-- WEB_10 -->
  <testcase classname="com.pwc.productcentral.RegressionTestCases" name="WEB_140" time="0.0">
    <ignored/>
  </testcase> <!-- WEB_140 -->
  <testcase classname="com.pwc.productcentral.RegressionTestCases" name="WEB_261" time="0.0">
    <ignored/>
  </testcase> <!-- WEB_261 -->
  <testcase classname="com.pwc.productcentral.RegressionTestCases" name="WEB_260" time="0.0">
    <ignored/>
  </testcase> <!-- WEB_260 -->
  <testcase classname="com.pwc.productcentral.RegressionTestCases" name="WEB_142" time="0.0">
    <ignored/>
  </testcase> <!-- WEB_142 -->
  <testcase classname="com.pwc.productcentral.RegressionTestCases" name="WEB_263" time="0.0">
    <ignored/>
  </testcase> <!-- WEB_263 -->
  <testcase classname="com.pwc.productcentral.RegressionTestCases" name="WEB_13" time="0.0">
    <ignored/>
  </testcase> <!-- WEB_13 -->
  <testcase classname="com.pwc.productcentral.RegressionTestCases" name="WEB_141" time="0.0">
    <ignored/>
  </testcase> <!-- WEB_141 -->
  <testcase classname="com.pwc.productcentral.RegressionTestCases" name="WEB_262" time="0.0">
    <ignored/>
  </testcase> <!-- WEB_262 -->
  <testcase classname="com.pwc.productcentral.RegressionTestCases" name="WEB_14" time="0.0">
    <ignored/>
  </testcase> <!-- WEB_14 -->
  <testcase classname="com.pwc.productcentral.RegressionTestCases" name="WEB_144" time="0.0">
    <ignored/>
  </testcase> <!-- WEB_144 -->
  <testcase classname="com.pwc.productcentral.RegressionTestCases" name="WEB_265" time="0.0">
    <ignored/>
  </testcase> <!-- WEB_265 -->
  <testcase classname="com.pwc.productcentral.RegressionTestCases" name="WEB_11" time="0.0">
    <ignored/>
  </testcase> <!-- WEB_11 -->
  <testcase classname="com.pwc.productcentral.RegressionTestCases" name="WEB_143" time="0.0">
    <ignored/>
  </testcase> <!-- WEB_143 -->
  <testcase classname="com.pwc.productcentral.RegressionTestCases" name="WEB_264" time="0.0">
    <ignored/>
  </testcase> <!-- WEB_264 -->
  <testcase classname="com.pwc.productcentral.RegressionTestCases" name="WEB_12" time="0.0">
    <ignored/>
  </testcase> <!-- WEB_12 -->
  <testcase classname="com.pwc.productcentral.RegressionTestCases" name="WEB_146" time="0.0">
    <ignored/>
  </testcase> <!-- WEB_146 -->
  <testcase classname="com.pwc.productcentral.RegressionTestCases" name="WEB_267" time="0.0">
    <ignored/>
  </testcase> <!-- WEB_267 -->
  <testcase classname="com.pwc.productcentral.RegressionTestCases" name="WEB_148" time="0.0">
    <ignored/>
  </testcase> <!-- WEB_148 -->
  <testcase classname="com.pwc.productcentral.RegressionTestCases" name="WEB_269" time="0.0">
    <ignored/>
  </testcase> <!-- WEB_269 -->
  <testcase classname="com.pwc.productcentral.RegressionTestCases" name="WEB_15" time="0.0">
    <ignored/>
  </testcase> <!-- WEB_15 -->
  <testcase classname="com.pwc.productcentral.RegressionTestCases" name="WEB_147" time="0.0">
    <ignored/>
  </testcase> <!-- WEB_147 -->
  <testcase classname="com.pwc.productcentral.RegressionTestCases" name="WEB_268" time="0.0">
    <ignored/>
  </testcase> <!-- WEB_268 -->
  <testcase classname="com.pwc.productcentral.RegressionTestCases" name="WEB_149" time="0.0">
    <ignored/>
  </testcase> <!-- WEB_149 -->
  <testcase classname="com.pwc.productcentral.RegressionTestCases" name="WEB_40" time="0.0">
    <ignored/>
  </testcase> <!-- WEB_40 -->
  <testcase classname="com.pwc.productcentral.RegressionTestCases" name="WEB_17" time="0.0">
    <ignored/>
  </testcase> <!-- WEB_17 -->
  <testcase classname="com.pwc.productcentral.RegressionTestCases" name="WEB_2" time="0.0">
    <ignored/>
  </testcase> <!-- WEB_2 -->
  <testcase classname="com.pwc.productcentral.RegressionTestCases" name="WEB_134" time="0.0">
    <ignored/>
  </testcase> <!-- WEB_134 -->
  <testcase classname="com.pwc.productcentral.RegressionTestCases" name="WEB_255" time="0.0">
    <ignored/>
  </testcase> <!-- WEB_255 -->
  <testcase classname="com.pwc.productcentral.RegressionTestCases" name="WEB_18" time="0.0">
    <ignored/>
  </testcase> <!-- WEB_18 -->
  <testcase classname="com.pwc.productcentral.RegressionTestCases" name="WEB_16" time="0.0">
    <ignored/>
  </testcase> <!-- WEB_16 -->
  <testcase classname="com.pwc.productcentral.RegressionTestCases" name="WEB_19" time="0.0">
    <ignored/>
  </testcase> <!-- WEB_19 -->
  <testcase classname="com.pwc.productcentral.RegressionTestCases" name="WEB_42" time="0.0">
    <ignored/>
  </testcase> <!-- WEB_42 -->
  <testcase classname="com.pwc.productcentral.RegressionTestCases" name="WEB_43" time="0.0">
    <ignored/>
  </testcase> <!-- WEB_43 -->
  <testcase classname="com.pwc.productcentral.RegressionTestCases" name="WEB_41" time="0.0">
    <ignored/>
  </testcase> <!-- WEB_41 -->
  <testcase classname="com.pwc.productcentral.RegressionTestCases" name="WEB_46" time="0.0">
    <ignored/>
  </testcase> <!-- WEB_46 -->
  <testcase classname="com.pwc.productcentral.RegressionTestCases" name="WEB_230" time="0.0">
    <ignored/>
  </testcase> <!-- WEB_230 -->
  <testcase classname="com.pwc.productcentral.RegressionTestCases" name="WEB_47" time="0.0">
    <ignored/>
  </testcase> <!-- WEB_47 -->
  <testcase classname="com.pwc.productcentral.RegressionTestCases" name="WEB_44" time="0.0">
    <ignored/>
  </testcase> <!-- WEB_44 -->
  <testcase classname="com.pwc.productcentral.RegressionTestCases" name="WEB_1" time="0.0">
    <ignored/>
  </testcase> <!-- WEB_1 -->
  <testcase classname="com.pwc.productcentral.RegressionTestCases" name="WEB_232" time="0.0">
    <ignored/>
  </testcase> <!-- WEB_232 -->
  <testcase classname="com.pwc.productcentral.RegressionTestCases" name="WEB_111" time="0.0">
    <ignored/>
  </testcase> <!-- WEB_111 -->
  <testcase classname="com.pwc.productcentral.RegressionTestCases" name="WEB_45" time="0.0">
    <ignored/>
  </testcase> <!-- WEB_45 -->
  <testcase classname="com.pwc.productcentral.RegressionTestCases" name="WEB_231" time="0.0">
    <ignored/>
  </testcase> <!-- WEB_231 -->
  <testcase classname="com.pwc.productcentral.RegressionTestCases" name="WEB_110" time="0.0">
    <ignored/>
  </testcase> <!-- WEB_110 -->
  <testcase classname="com.pwc.productcentral.RegressionTestCases" name="WEB_3" time="0.0">
    <ignored/>
  </testcase> <!-- WEB_3 -->
  <testcase classname="com.pwc.productcentral.RegressionTestCases" name="WEB_234" time="0.0">
    <ignored/>
  </testcase> <!-- WEB_234 -->
  <testcase classname="com.pwc.productcentral.RegressionTestCases" name="WEB_113" time="0.0">
    <ignored/>
  </testcase> <!-- WEB_113 -->
  <testcase classname="com.pwc.productcentral.RegressionTestCases" name="WEB_5" time="0.0">
    <ignored/>
  </testcase> <!-- WEB_5 -->
  <testcase classname="com.pwc.productcentral.RegressionTestCases" name="WEB_48" time="0.0">
    <ignored/>
  </testcase> <!-- WEB_48 -->
  <testcase classname="com.pwc.productcentral.RegressionTestCases" name="WEB_236" time="0.0">
    <ignored/>
  </testcase> <!-- WEB_236 -->
  <testcase classname="com.pwc.productcentral.RegressionTestCases" name="WEB_115" time="0.0">
    <ignored/>
  </testcase> <!-- WEB_115 -->
  <testcase classname="com.pwc.productcentral.RegressionTestCases" name="WEB_4" time="0.0">
    <ignored/>
  </testcase> <!-- WEB_4 -->
  <testcase classname="com.pwc.productcentral.RegressionTestCases" name="WEB_235" time="0.0">
    <ignored/>
  </testcase> <!-- WEB_235 -->
  <testcase classname="com.pwc.productcentral.RegressionTestCases" name="WEB_114" time="0.0">
    <ignored/>
  </testcase> <!-- WEB_114 -->
  <testcase classname="com.pwc.productcentral.RegressionTestCases" name="WEB_7" time="0.0">
    <ignored/>
  </testcase> <!-- WEB_7 -->
  <testcase classname="com.pwc.productcentral.RegressionTestCases" name="WEB_238" time="0.0">
    <ignored/>
  </testcase> <!-- WEB_238 -->
  <testcase classname="com.pwc.productcentral.RegressionTestCases" name="WEB_117" time="0.0">
    <ignored/>
  </testcase> <!-- WEB_117 -->
  <testcase classname="com.pwc.productcentral.RegressionTestCases" name="WEB_6" time="0.0">
    <ignored/>
  </testcase> <!-- WEB_6 -->
  <testcase classname="com.pwc.productcentral.RegressionTestCases" name="WEB_237" time="0.0">
    <ignored/>
  </testcase> <!-- WEB_237 -->
  <testcase classname="com.pwc.productcentral.RegressionTestCases" name="WEB_116" time="0.0">
    <ignored/>
  </testcase> <!-- WEB_116 -->
  <testcase classname="com.pwc.productcentral.RegressionTestCases" name="WEB_9" time="0.0">
    <ignored/>
  </testcase> <!-- WEB_9 -->
  <testcase classname="com.pwc.productcentral.RegressionTestCases" name="WEB_119" time="0.0">
    <ignored/>
  </testcase> <!-- WEB_119 -->
  <testcase classname="com.pwc.productcentral.RegressionTestCases" name="WEB_8" time="0.0">
    <ignored/>
  </testcase> <!-- WEB_8 -->
  <testcase classname="com.pwc.productcentral.RegressionTestCases" name="WEB_239" time="0.0">
    <ignored/>
  </testcase> <!-- WEB_239 -->
  <testcase classname="com.pwc.productcentral.RegressionTestCases" name="WEB_118" time="0.0">
    <ignored/>
  </testcase> <!-- WEB_118 -->
  <testcase classname="com.pwc.productcentral.RegressionTestCases" name="WEB_145" time="0.0">
    <ignored/>
  </testcase> <!-- WEB_145 -->
  <testcase classname="com.pwc.productcentral.RegressionTestCases" name="WEB_266" time="0.0">
    <ignored/>
  </testcase> <!-- WEB_266 -->
  <testcase classname="com.pwc.productcentral.RegressionTestCases" name="WEB_49" time="0.0">
    <ignored/>
  </testcase> <!-- WEB_49 -->
  <testcase classname="com.pwc.productcentral.RegressionTestCases" name="WEB_160" time="0.0">
    <ignored/>
  </testcase> <!-- WEB_160 -->
  <testcase classname="com.pwc.productcentral.RegressionTestCases" name="WEB_281" time="0.0">
    <ignored/>
  </testcase> <!-- WEB_281 -->
  <testcase classname="com.pwc.productcentral.RegressionTestCases" name="WEB_162" time="0.0">
    <ignored/>
  </testcase> <!-- WEB_162 -->
  <testcase classname="com.pwc.productcentral.RegressionTestCases" name="WEB_283" time="0.0">
    <ignored/>
  </testcase> <!-- WEB_283 -->
  <testcase classname="com.pwc.productcentral.RegressionTestCases" name="WEB_161" time="0.0">
    <ignored/>
  </testcase> <!-- WEB_161 -->
  <testcase classname="com.pwc.productcentral.RegressionTestCases" name="WEB_282" time="0.0">
    <ignored/>
  </testcase> <!-- WEB_282 -->
  <testcase classname="com.pwc.productcentral.RegressionTestCases" name="WEB_164" time="0.0">
    <ignored/>
  </testcase> <!-- WEB_164 -->
  <testcase classname="com.pwc.productcentral.RegressionTestCases" name="WEB_285" time="0.0">
    <ignored/>
  </testcase> <!-- WEB_285 -->
  <testcase classname="com.pwc.productcentral.RegressionTestCases" name="WEB_163" time="0.0">
    <ignored/>
  </testcase> <!-- WEB_163 -->
  <testcase classname="com.pwc.productcentral.RegressionTestCases" name="WEB_284" time="0.0">
    <ignored/>
  </testcase> <!-- WEB_284 -->
  <testcase classname="com.pwc.productcentral.RegressionTestCases" name="WEB_166" time="0.0">
    <ignored/>
  </testcase> <!-- WEB_166 -->
  <testcase classname="com.pwc.productcentral.RegressionTestCases" name="WEB_287" time="0.0">
    <ignored/>
  </testcase> <!-- WEB_287 -->
  <testcase classname="com.pwc.productcentral.RegressionTestCases" name="WEB_165" time="0.0">
    <ignored/>
  </testcase> <!-- WEB_165 -->
  <testcase classname="com.pwc.productcentral.RegressionTestCases" name="WEB_286" time="0.0">
    <ignored/>
  </testcase> <!-- WEB_286 -->
  <testcase classname="com.pwc.productcentral.RegressionTestCases" name="WEB_168" time="0.0">
    <ignored/>
  </testcase> <!-- WEB_168 -->
  <testcase classname="com.pwc.productcentral.RegressionTestCases" name="WEB_289" time="0.0">
    <ignored/>
  </testcase> <!-- WEB_289 -->
  <testcase classname="com.pwc.productcentral.RegressionTestCases" name="WEB_169" time="0.0">
    <ignored/>
  </testcase> <!-- WEB_169 -->
  <testcase classname="com.pwc.productcentral.RegressionTestCases" name="WEB_170" time="0.0">
    <ignored/>
  </testcase> <!-- WEB_170 -->
  <testcase classname="com.pwc.productcentral.RegressionTestCases" name="WEB_291" time="0.0">
    <ignored/>
  </testcase> <!-- WEB_291 -->
  <testcase classname="com.pwc.productcentral.RegressionTestCases" name="WEB_156" time="0.0">
    <ignored/>
  </testcase> <!-- WEB_156 -->
  <testcase classname="com.pwc.productcentral.RegressionTestCases" name="WEB_277" time="0.0">
    <ignored/>
  </testcase> <!-- WEB_277 -->
  <testcase classname="com.pwc.productcentral.RegressionTestCases" name="WEB_290" time="0.0">
    <ignored/>
  </testcase> <!-- WEB_290 -->
  <testcase classname="com.pwc.productcentral.RegressionTestCases" name="WEB_250" time="0.0">
    <ignored/>
  </testcase> <!-- WEB_250 -->
  <testcase classname="com.pwc.productcentral.RegressionTestCases" name="WEB_131" time="0.0">
    <ignored/>
  </testcase> <!-- WEB_131 -->
  <testcase classname="com.pwc.productcentral.RegressionTestCases" name="WEB_252" time="0.0">
    <ignored/>
  </testcase> <!-- WEB_252 -->
  <testcase classname="com.pwc.productcentral.RegressionTestCases" name="WEB_130" time="0.0">
    <ignored/>
  </testcase> <!-- WEB_130 -->
  <testcase classname="com.pwc.productcentral.RegressionTestCases" name="WEB_251" time="0.0">
    <ignored/>
  </testcase> <!-- WEB_251 -->
  <testcase classname="com.pwc.productcentral.RegressionTestCases" name="WEB_133" time="0.0">
    <ignored/>
  </testcase> <!-- WEB_133 -->
  <testcase classname="com.pwc.productcentral.RegressionTestCases" name="WEB_254" time="0.0">
    <ignored/>
  </testcase> <!-- WEB_254 -->
  <testcase classname="com.pwc.productcentral.RegressionTestCases" name="WEB_132" time="0.0">
    <ignored/>
  </testcase> <!-- WEB_132 -->
  <testcase classname="com.pwc.productcentral.RegressionTestCases" name="WEB_253" time="0.0">
    <ignored/>
  </testcase> <!-- WEB_253 -->
  <testcase classname="com.pwc.productcentral.RegressionTestCases" name="WEB_135" time="0.0">
    <ignored/>
  </testcase> <!-- WEB_135 -->
  <testcase classname="com.pwc.productcentral.RegressionTestCases" name="WEB_256" time="0.0">
    <ignored/>
  </testcase> <!-- WEB_256 -->
  <testcase classname="com.pwc.productcentral.RegressionTestCases" name="WEB_137" time="0.0">
    <ignored/>
  </testcase> <!-- WEB_137 -->
  <testcase classname="com.pwc.productcentral.RegressionTestCases" name="WEB_258" time="0.0">
    <ignored/>
  </testcase> <!-- WEB_258 -->
  <testcase classname="com.pwc.productcentral.RegressionTestCases" name="WEB_136" time="0.0">
    <ignored/>
  </testcase> <!-- WEB_136 -->
  <testcase classname="com.pwc.productcentral.RegressionTestCases" name="WEB_257" time="0.0">
    <ignored/>
  </testcase> <!-- WEB_257 -->
  <testcase classname="com.pwc.productcentral.RegressionTestCases" name="WEB_139" time="0.0">
    <ignored/>
  </testcase> <!-- WEB_139 -->
  <testcase classname="com.pwc.productcentral.RegressionTestCases" name="WEB_138" time="0.0">
    <ignored/>
  </testcase> <!-- WEB_138 -->
  <testcase classname="com.pwc.productcentral.RegressionTestCases" name="WEB_259" time="0.0">
    <ignored/>
  </testcase> <!-- WEB_259 -->
  <testcase classname="com.pwc.productcentral.RegressionTestCases" name="WEB_167" time="0.0">
    <ignored/>
  </testcase> <!-- WEB_167 -->
  <testcase classname="com.pwc.productcentral.RegressionTestCases" name="WEB_288" time="0.0">
    <ignored/>
  </testcase> <!-- WEB_288 -->
  <testcase classname="com.pwc.productcentral.RegressionTestCases" name="WEB_182" time="0.0">
    <ignored/>
  </testcase> <!-- WEB_182 -->
  <testcase classname="com.pwc.productcentral.RegressionTestCases" name="WEB_184" time="0.0">
    <ignored/>
  </testcase> <!-- WEB_184 -->
  <testcase classname="com.pwc.productcentral.RegressionTestCases" name="WEB_183" time="0.0">
    <ignored/>
  </testcase> <!-- WEB_183 -->
  <testcase classname="com.pwc.productcentral.RegressionTestCases" name="WEB_186" time="0.0">
    <ignored/>
  </testcase> <!-- WEB_186 -->
  <testcase classname="com.pwc.productcentral.RegressionTestCases" name="WEB_185" time="0.0">
    <ignored/>
  </testcase> <!-- WEB_185 -->
  <testcase classname="com.pwc.productcentral.RegressionTestCases" name="WEB_188" time="0.0">
    <ignored/>
  </testcase> <!-- WEB_188 -->
  <testcase classname="com.pwc.productcentral.RegressionTestCases" name="WEB_187" time="0.0">
    <ignored/>
  </testcase> <!-- WEB_187 -->
  <testcase classname="com.pwc.productcentral.RegressionTestCases" name="WEB_192" time="0.0">
    <ignored/>
  </testcase> <!-- WEB_192 -->
  <testcase classname="com.pwc.productcentral.RegressionTestCases" name="WEB_178" time="0.0">
    <ignored/>
  </testcase> <!-- WEB_178 -->
  <testcase classname="com.pwc.productcentral.RegressionTestCases" name="WEB_191" time="0.0">
    <ignored/>
  </testcase> <!-- WEB_191 -->
  <testcase classname="com.pwc.productcentral.RegressionTestCases" name="WEB_190" time="0.0">
    <ignored/>
  </testcase> <!-- WEB_190 -->
  <testcase classname="com.pwc.productcentral.RegressionTestCases" name="WEB_270" time="0.0">
    <ignored/>
  </testcase> <!-- WEB_270 -->
  <testcase classname="com.pwc.productcentral.RegressionTestCases" name="WEB_151" time="0.0">
    <ignored/>
  </testcase> <!-- WEB_151 -->
  <testcase classname="com.pwc.productcentral.RegressionTestCases" name="WEB_272" time="0.0">
    <ignored/>
  </testcase> <!-- WEB_272 -->
  <testcase classname="com.pwc.productcentral.RegressionTestCases" name="WEB_150" time="0.0">
    <ignored/>
  </testcase> <!-- WEB_150 -->
  <testcase classname="com.pwc.productcentral.RegressionTestCases" name="WEB_271" time="0.0">
    <ignored/>
  </testcase> <!-- WEB_271 -->
  <testcase classname="com.pwc.productcentral.RegressionTestCases" name="WEB_153" time="0.0">
    <ignored/>
  </testcase> <!-- WEB_153 -->
  <testcase classname="com.pwc.productcentral.RegressionTestCases" name="WEB_274" time="0.0">
    <ignored/>
  </testcase> <!-- WEB_274 -->
  <testcase classname="com.pwc.productcentral.RegressionTestCases" name="WEB_152" time="0.0">
    <ignored/>
  </testcase> <!-- WEB_152 -->
  <testcase classname="com.pwc.productcentral.RegressionTestCases" name="WEB_273" time="0.0">
    <ignored/>
  </testcase> <!-- WEB_273 -->
  <testcase classname="com.pwc.productcentral.RegressionTestCases" name="WEB_155" time="0.0">
    <ignored/>
  </testcase> <!-- WEB_155 -->
  <testcase classname="com.pwc.productcentral.RegressionTestCases" name="WEB_276" time="0.0">
    <ignored/>
  </testcase> <!-- WEB_276 -->
  <testcase classname="com.pwc.productcentral.RegressionTestCases" name="WEB_154" time="0.0">
    <ignored/>
  </testcase> <!-- WEB_154 -->
  <testcase classname="com.pwc.productcentral.RegressionTestCases" name="WEB_275" time="0.0">
    <ignored/>
  </testcase> <!-- WEB_275 -->
  <testcase classname="com.pwc.productcentral.RegressionTestCases" name="WEB_157" time="0.0">
    <ignored/>
  </testcase> <!-- WEB_157 -->
  <testcase classname="com.pwc.productcentral.RegressionTestCases" name="WEB_278" time="0.0">
    <ignored/>
  </testcase> <!-- WEB_278 -->
  <testcase classname="com.pwc.productcentral.RegressionTestCases" name="WEB_159" time="0.0">
    <ignored/>
  </testcase> <!-- WEB_159 -->
  <testcase classname="com.pwc.productcentral.RegressionTestCases" name="WEB_158" time="0.0">
    <ignored/>
  </testcase> <!-- WEB_158 -->
  <testcase classname="com.pwc.productcentral.RegressionTestCases" name="WEB_279" time="0.0">
    <ignored/>
  </testcase> <!-- WEB_279 -->
  <testcase classname="com.pwc.productcentral.RegressionTestCases" name="WEB_280" time="0.0">
    <ignored/>
  </testcase> <!-- WEB_280 -->
  <testcase classname="com.pwc.productcentral.RegressionTestCases" name="WEB_189" time="0.0">
    <ignored/>
  </testcase> <!-- WEB_189 -->
  <testcase classname="com.pwc.productcentral.RegressionTestCases" name="WEB_75" time="0.0">
    <ignored/>
  </testcase> <!-- WEB_75 -->
  <testcase classname="com.pwc.productcentral.RegressionTestCases" name="WEB_76" time="0.0">
    <ignored/>
  </testcase> <!-- WEB_76 -->
  <testcase classname="com.pwc.productcentral.RegressionTestCases" name="WEB_74" time="0.0">
    <ignored/>
  </testcase> <!-- WEB_74 -->
  <testcase classname="com.pwc.productcentral.RegressionTestCases" name="WEB_79" time="0.0">
    <ignored/>
  </testcase> <!-- WEB_79 -->
  <testcase classname="com.pwc.productcentral.RegressionTestCases" name="WEB_77" time="0.0">
    <ignored/>
  </testcase> <!-- WEB_77 -->
  <testcase classname="com.pwc.productcentral.RegressionTestCases" name="WEB_78" time="0.0">
    <ignored/>
  </testcase> <!-- WEB_78 -->
  <testcase classname="com.pwc.productcentral.RegressionTestCases" name="WEB_71" time="0.0">
    <ignored/>
  </testcase> <!-- WEB_71 -->
  <testcase classname="com.pwc.productcentral.RegressionTestCases" name="WEB_72" time="0.0">
    <ignored/>
  </testcase> <!-- WEB_72 -->
  <testcase classname="com.pwc.productcentral.RegressionTestCases" name="WEB_70" time="0.0">
    <ignored/>
  </testcase> <!-- WEB_70 -->
  <testcase classname="com.pwc.productcentral.RegressionTestCases" name="WEB_171" time="0.0">
    <ignored/>
  </testcase> <!-- WEB_171 -->
  <testcase classname="com.pwc.productcentral.RegressionTestCases" name="WEB_173" time="0.0">
    <ignored/>
  </testcase> <!-- WEB_173 -->
  <testcase classname="com.pwc.productcentral.RegressionTestCases" name="WEB_172" time="0.0">
    <ignored/>
  </testcase> <!-- WEB_172 -->
  <testcase classname="com.pwc.productcentral.RegressionTestCases" name="WEB_175" time="0.0">
    <ignored/>
  </testcase> <!-- WEB_175 -->
  <testcase classname="com.pwc.productcentral.RegressionTestCases" name="WEB_174" time="0.0">
    <ignored/>
  </testcase> <!-- WEB_174 -->
  <testcase classname="com.pwc.productcentral.RegressionTestCases" name="WEB_177" time="0.0">
    <ignored/>
  </testcase> <!-- WEB_177 -->
  <testcase classname="com.pwc.productcentral.RegressionTestCases" name="WEB_176" time="0.0">
    <ignored/>
  </testcase> <!-- WEB_176 -->
  <testcase classname="com.pwc.productcentral.RegressionTestCases" name="WEB_179" time="0.0">
    <ignored/>
  </testcase> <!-- WEB_179 -->
  <testcase classname="com.pwc.productcentral.RegressionTestCases" name="WEB_181" time="0.0">
    <ignored/>
  </testcase> <!-- WEB_181 -->
  <testcase classname="com.pwc.productcentral.RegressionTestCases" name="WEB_95" time="0.0">
    <ignored/>
  </testcase> <!-- WEB_95 -->
  <testcase classname="com.pwc.productcentral.RegressionTestCases" name="WEB_180" time="0.0">
    <ignored/>
  </testcase> <!-- WEB_180 -->
  <testcase classname="com.pwc.productcentral.RegressionTestCases" name="WEB_97" time="0.0">
    <ignored/>
  </testcase> <!-- WEB_97 -->
  <testcase classname="com.pwc.productcentral.RegressionTestCases" name="WEB_98" time="0.0">
    <ignored/>
  </testcase> <!-- WEB_98 -->
  <testcase classname="com.pwc.productcentral.RegressionTestCases" name="WEB_96" time="0.0">
    <ignored/>
  </testcase> <!-- WEB_96 -->
  <testcase classname="com.pwc.productcentral.RegressionTestCases" name="WEB_99" time="0.0">
    <ignored/>
  </testcase> <!-- WEB_99 -->
  <testcase classname="com.pwc.productcentral.RegressionTestCases" name="WEB_90" time="0.0">
    <ignored/>
  </testcase> <!-- WEB_90 -->
  <testcase classname="com.pwc.productcentral.RegressionTestCases" name="WEB_93" time="0.0">
    <ignored/>
  </testcase> <!-- WEB_93 -->
  <testcase classname="com.pwc.productcentral.RegressionTestCases" name="WEB_94" time="0.0">
    <ignored/>
  </testcase> <!-- WEB_94 -->
  <testcase classname="com.pwc.productcentral.RegressionTestCases" name="WEB_91" time="0.0">
    <ignored/>
  </testcase> <!-- WEB_91 -->
  <testcase classname="com.pwc.productcentral.RegressionTestCases" name="WEB_92" time="0.0">
    <ignored/>
  </testcase> <!-- WEB_92 -->
  <testcase classname="com.pwc.productcentral.RegressionTestCases" name="WEB_193" time="0.0">
    <ignored/>
  </testcase> <!-- WEB_193 -->
  <testcase classname="com.pwc.productcentral.RegressionTestCases" name="WEB_195" time="0.0">
    <ignored/>
  </testcase> <!-- WEB_195 -->
  <testcase classname="com.pwc.productcentral.RegressionTestCases" name="WEB_194" time="0.0">
    <ignored/>
  </testcase> <!-- WEB_194 -->
  <testcase classname="com.pwc.productcentral.RegressionTestCases" name="WEB_197" time="0.0">
    <ignored/>
  </testcase> <!-- WEB_197 -->
  <testcase classname="com.pwc.productcentral.RegressionTestCases" name="WEB_196" time="0.0">
    <ignored/>
  </testcase> <!-- WEB_196 -->
  <testcase classname="com.pwc.productcentral.RegressionTestCases" name="WEB_199" time="0.0">
    <ignored/>
  </testcase> <!-- WEB_199 -->
  <testcase classname="com.pwc.productcentral.RegressionTestCases" name="WEB_198" time="0.0">
    <ignored/>
  </testcase> <!-- WEB_198 -->
</testsuite> <!-- Default test -->
